"2020-09-13 01:20:57 [main] INFO  com.example.token.TokenApplication - Starting TokenApplication on DESKTOP-E0ROJ1S with PID 11292 (G:\MindBrowser\token\token\target\classes started by 91940 in G:\MindBrowser\token\token)
""2020-09-13 01:20:57 [main] INFO  com.example.token.TokenApplication - No active profile set, falling back to default profiles: default
""2020-09-13 01:20:59 [main] INFO  o.s.d.r.c.RepositoryConfigurationDelegate - Bootstrapping Spring Data JPA repositories in DEFERRED mode.
""2020-09-13 01:20:59 [main] INFO  o.s.d.r.c.RepositoryConfigurationDelegate - Finished Spring Data repository scanning in 132ms. Found 3 JPA repository interfaces.
""2020-09-13 01:21:00 [main] INFO  o.s.c.s.PostProcessorRegistrationDelegate$BeanPostProcessorChecker - Bean 'org.springframework.security.access.expression.method.DefaultMethodSecurityExpressionHandler@69e49a81' of type [org.springframework.security.access.expression.method.DefaultMethodSecurityExpressionHandler] is not eligible for getting processed by all BeanPostProcessors (for example: not eligible for auto-proxying)
""2020-09-13 01:21:00 [main] INFO  o.s.c.s.PostProcessorRegistrationDelegate$BeanPostProcessorChecker - Bean 'methodSecurityMetadataSource' of type [org.springframework.security.access.method.DelegatingMethodSecurityMetadataSource] is not eligible for getting processed by all BeanPostProcessors (for example: not eligible for auto-proxying)
""2020-09-13 01:21:00 [main] INFO  o.s.b.w.e.tomcat.TomcatWebServer - Tomcat initialized with port(s): 8080 (http)
""2020-09-13 01:21:00 [main] INFO  o.a.catalina.core.StandardService - Starting service [Tomcat]
""2020-09-13 01:21:00 [main] INFO  o.a.catalina.core.StandardEngine - Starting Servlet engine: [Apache Tomcat/9.0.37]
""2020-09-13 01:21:01 [main] INFO  o.a.c.c.C.[Tomcat].[localhost].[/] - Initializing Spring embedded WebApplicationContext
""2020-09-13 01:21:01 [main] INFO  o.s.b.w.s.c.ServletWebServerApplicationContext - Root WebApplicationContext: initialization completed in 3027 ms
""2020-09-13 01:21:01 [main] INFO  o.s.s.c.ThreadPoolTaskExecutor - Initializing ExecutorService 'applicationTaskExecutor'
""2020-09-13 01:21:01 [task-1] INFO  o.h.jpa.internal.util.LogHelper - HHH000204: Processing PersistenceUnitInfo [name: default]
""2020-09-13 01:21:01 [main] WARN  o.s.b.a.o.j.JpaBaseConfiguration$JpaWebConfiguration - spring.jpa.open-in-view is enabled by default. Therefore, database queries may be performed during view rendering. Explicitly configure spring.jpa.open-in-view to disable this warning
""2020-09-13 01:21:01 [task-1] INFO  org.hibernate.Version - HHH000412: Hibernate ORM core version 5.4.20.Final
""2020-09-13 01:21:02 [task-1] INFO  o.h.annotations.common.Version - HCANN000001: Hibernate Commons Annotations {5.1.0.Final}
""2020-09-13 01:21:02 [main] INFO  o.s.s.web.DefaultSecurityFilterChain - Creating filter chain: any request, [org.springframework.security.web.context.request.async.WebAsyncManagerIntegrationFilter@314a31b0, org.springframework.security.web.context.SecurityContextPersistenceFilter@6c184d4d, org.springframework.security.web.header.HeaderWriterFilter@7b1e5e55, org.springframework.security.web.authentication.logout.LogoutFilter@4faf104, com.example.token.model.JwtRequestFilter@46aa712c, org.springframework.security.web.savedrequest.RequestCacheAwareFilter@158e9f6e, org.springframework.security.web.servletapi.SecurityContextHolderAwareRequestFilter@65e22def, org.springframework.security.web.authentication.AnonymousAuthenticationFilter@2753316c, org.springframework.security.web.session.SessionManagementFilter@51a651c1, org.springframework.security.web.access.ExceptionTranslationFilter@38ee7a9d, org.springframework.security.web.access.intercept.FilterSecurityInterceptor@1d0cac30]
""2020-09-13 01:21:02 [task-1] INFO  com.zaxxer.hikari.HikariDataSource - HikariPool-1 - Starting...
""2020-09-13 01:21:02 [task-1] INFO  com.zaxxer.hikari.pool.PoolBase - HikariPool-1 - Driver does not support get/set network timeout for connections. (Receiver class com.mysql.jdbc.JDBC4Connection does not define or inherit an implementation of the resolved method 'abstract int getNetworkTimeout()' of interface java.sql.Connection.)
""2020-09-13 01:21:02 [task-1] INFO  com.zaxxer.hikari.HikariDataSource - HikariPool-1 - Start completed.
""2020-09-13 01:21:02 [task-1] INFO  org.hibernate.dialect.Dialect - HHH000400: Using dialect: org.hibernate.dialect.MySQL5Dialect
""2020-09-13 01:21:03 [main] INFO  o.s.b.w.e.tomcat.TomcatWebServer - Tomcat started on port(s): 8080 (http) with context path ''
""2020-09-13 01:21:03 [main] INFO  o.s.d.r.c.DeferredRepositoryInitializationListener - Triggering deferred initialization of Spring Data repositories…
""2020-09-13 01:21:04 [task-1] INFO  o.h.e.t.j.p.i.JtaPlatformInitiator - HHH000490: Using JtaPlatform implementation: [org.hibernate.engine.transaction.jta.platform.internal.NoJtaPlatform]
""2020-09-13 01:21:04 [task-1] INFO  o.s.o.j.LocalContainerEntityManagerFactoryBean - Initialized JPA EntityManagerFactory for persistence unit 'default'
""2020-09-13 01:21:05 [main] INFO  o.s.d.r.c.DeferredRepositoryInitializationListener - Spring Data repositories initialized!
""2020-09-13 01:21:05 [main] INFO  com.example.token.TokenApplication - Started TokenApplication in 7.928 seconds (JVM running for 8.697)
"